This file contains any messages produced by compilers while
running configure, to aid debugging if configure makes a mistake.

It was created by par2cmdline configure 0.3, which was
generated by GNU Autoconf 2.57.  Invocation command line was

  $ configure 

## --------- ##
## Platform. ##
## --------- ##

hostname = iMac.local.
uname -m = Power Macintosh
uname -r = 6.8
uname -s = Darwin
uname -v = Darwin Kernel Version 6.8: Wed Sep 10 15:20:55 PDT 2003; root:xnu/xnu-344.49.obj~2/RELEASE_PPC 

/usr/bin/uname -p = powerpc
/bin/uname -X     = unknown

/bin/arch              = unknown
/usr/bin/arch -k       = unknown
/usr/convex/getsysinfo = unknown
hostinfo               = Mach kernel version:
	 Darwin Kernel Version 6.8:
Wed Sep 10 15:20:55 PDT 2003; root:xnu/xnu-344.49.obj~2/RELEASE_PPC


Kernel configured for a single processor only.
1 processor is physically available.
Processor type: ppc750 (PowerPC 750)
Processor active: 0
Primary memory available: 640.00 megabytes.
Default processor set: 71 tasks, 164 threads, 1 processors
Load average: 1.64, Mach factor: 0.22
unknown
/bin/machine           = unknown
/usr/bin/oslevel       = unknown
/bin/universe          = unknown

PATH: /usr/local/bin
PATH: /usr/local/sbin
PATH: /sw/bin
PATH: /sw/sbin
PATH: /bin
PATH: /sbin
PATH: /usr/bin
PATH: /usr/sbin
PATH: /usr/X11R6/bin


## ----------- ##
## Core tests. ##
## ----------- ##

configure:1327: checking build system type
configure:1345: result: powerpc-apple-darwin6.8
configure:1353: checking host system type
configure:1367: result: powerpc-apple-darwin6.8
configure:1391: checking for a BSD-compatible install
configure:1445: result: /sw/bin/install -c
configure:1456: checking whether build environment is sane
configure:1499: result: yes
configure:1532: checking for gawk
configure:1548: found /sw/bin/gawk
configure:1558: result: gawk
configure:1568: checking whether make sets $(MAKE)
configure:1588: result: yes
configure:1806: checking for g++
configure:1822: found /usr/bin/g++
configure:1832: result: g++
configure:1848: checking for C++ compiler version
configure:1851: g++ --version </dev/null >&5
g++ (GCC) 3.1 20020420 (prerelease)
Copyright (C) 2002 Free Software Foundation, Inc.
This is free software; see the source for copying conditions.  There is NO
warranty; not even for MERCHANTABILITY or FITNESS FOR A PARTICULAR PURPOSE.

configure:1854: $? = 0
configure:1856: g++ -v </dev/null >&5
Reading specs from /usr/libexec/gcc/darwin/ppc/3.1/specs
Thread model: posix
Apple Computer, Inc. GCC version 1175, based on gcc version 3.1 20020420 (prerelease)
configure:1859: $? = 0
configure:1861: g++ -V </dev/null >&5
g++: argument to `-V' missing

configure:1864: $? = 1
configure:1888: checking for C++ compiler default output
configure:1891: g++    conftest.cc  >&5
configure:1894: $? = 0
configure:1940: result: a.out
configure:1945: checking whether the C++ compiler works
configure:1951: ./a.out
configure:1954: $? = 0
configure:1971: result: yes
configure:1978: checking whether we are cross compiling
configure:1980: result: no
configure:1983: checking for suffix of executables
configure:1985: g++ -o conftest    conftest.cc  >&5
configure:1988: $? = 0
configure:2013: result: 
configure:2019: checking for suffix of object files
configure:2041: g++ -c   conftest.cc >&5
configure:2044: $? = 0
configure:2066: result: o
configure:2070: checking whether we are using the GNU C++ compiler
configure:2095: g++ -c   conftest.cc >&5
configure:2098: $? = 0
configure:2101: test -s conftest.o
configure:2104: $? = 0
configure:2117: result: yes
configure:2123: checking whether g++ accepts -g
configure:2145: g++ -c -g  conftest.cc >&5
configure:2148: $? = 0
configure:2151: test -s conftest.o
configure:2154: $? = 0
configure:2165: result: yes
configure:2209: g++ -c -g -O2  conftest.cc >&5
configure:2212: $? = 0
configure:2215: test -s conftest.o
configure:2218: $? = 0
configure:2245: g++ -c -g -O2  conftest.cc >&5
configure: In function `int main()':
configure:2242: `exit' undeclared (first use this function)
configure:2242: (Each undeclared identifier is reported only once for each 
   function it appears in.)
configure:2248: $? = 1
configure: failed program was:
| #line 2228 "configure"
| /* confdefs.h.  */
| 
| #define PACKAGE_NAME "par2cmdline"
| #define PACKAGE_TARNAME "par2cmdline"
| #define PACKAGE_VERSION "0.3"
| #define PACKAGE_STRING "par2cmdline 0.3"
| #define PACKAGE_BUGREPORT "peterbclements@users.sourceforge.net"
| #define PACKAGE "par2cmdline"
| #define VERSION "0.3"
| /* end confdefs.h.  */
| 
| int
| main ()
| {
| exit (42);
|   ;
|   return 0;
| }
configure:2209: g++ -c -g -O2  conftest.cc >&5
configure:2212: $? = 0
configure:2215: test -s conftest.o
configure:2218: $? = 0
configure:2245: g++ -c -g -O2  conftest.cc >&5
configure:2248: $? = 0
configure:2251: test -s conftest.o
configure:2254: $? = 0
configure:2288: checking for style of include used by make
configure:2316: result: GNU
configure:2344: checking dependency style of g++
configure:2412: result: gcc3
configure:2441: checking for a BSD-compatible install
configure:2495: result: /sw/bin/install -c
configure:2554: checking for gcc
configure:2570: found /usr/bin/gcc
configure:2580: result: gcc
configure:2824: checking for C compiler version
configure:2827: gcc --version </dev/null >&5
gcc (GCC) 3.1 20020420 (prerelease)
Copyright (C) 2002 Free Software Foundation, Inc.
This is free software; see the source for copying conditions.  There is NO
warranty; not even for MERCHANTABILITY or FITNESS FOR A PARTICULAR PURPOSE.

configure:2830: $? = 0
configure:2832: gcc -v </dev/null >&5
Reading specs from /usr/libexec/gcc/darwin/ppc/3.1/specs
Thread model: posix
Apple Computer, Inc. GCC version 1175, based on gcc version 3.1 20020420 (prerelease)
configure:2835: $? = 0
configure:2837: gcc -V </dev/null >&5
gcc: argument to `-V' is missing
configure:2840: $? = 1
configure:2843: checking whether we are using the GNU C compiler
configure:2868: gcc -c -mtune=750 -mcpu=750 -mno-altivec  conftest.c >&5
configure:2871: $? = 0
configure:2874: test -s conftest.o
configure:2877: $? = 0
configure:2890: result: yes
configure:2896: checking whether gcc accepts -g
configure:2918: gcc -c -g  conftest.c >&5
configure:2921: $? = 0
configure:2924: test -s conftest.o
configure:2927: $? = 0
configure:2938: result: yes
configure:2955: checking for gcc option to accept ANSI C
configure:3016: gcc  -c -mtune=750 -mcpu=750 -mno-altivec  conftest.c >&5
configure:3019: $? = 0
configure:3022: test -s conftest.o
configure:3025: $? = 0
configure:3043: result: none needed
configure:3061: gcc -c -mtune=750 -mcpu=750 -mno-altivec  conftest.c >&5
conftest.c:2: undefined type, found `choke'
conftest.c:2: illegal external declaration, missing `;' after `me'
cpp-precomp: warning: errors during smart preprocessing, retrying in basic mode
conftest.c:2: parse error before "me"
configure:3064: $? = 1
configure: failed program was:
| #ifndef __cplusplus
|   choke me
| #endif
configure:3175: checking dependency style of gcc
configure:3243: result: gcc
configure:3269: checking for dirent.h that defines DIR
configure:3294: gcc -c -mtune=750 -mcpu=750 -mno-altivec  conftest.c >&5
configure:3297: $? = 0
configure:3300: test -s conftest.o
configure:3303: $? = 0
configure:3314: result: yes
configure:3327: checking for library containing opendir
configure:3358: gcc -o conftest -mtune=750 -mcpu=750 -mno-altivec   conftest.c  >&5
configure:3361: $? = 0
configure:3364: test -s conftest
configure:3367: $? = 0
configure:3426: result: none required
configure:3547: checking how to run the C preprocessor
configure:3583: gcc -E  conftest.c
configure:3588: undefined type, found `Syntax'
configure:3588: illegal external declaration, missing `;' after `error'
cpp-precomp: warning: errors during smart preprocessing, retrying in basic mode
configure:3589: $? = 0
configure:3621: gcc -E  conftest.c
configure:3626: header file 'ac_nonexistent.h' not found
cpp-precomp: warning: errors during smart preprocessing, retrying in basic mode
configure:3627: $? = 1
configure: failed program was:
| #line 3612 "configure"
| /* confdefs.h.  */
| 
| #define PACKAGE_NAME "par2cmdline"
| #define PACKAGE_TARNAME "par2cmdline"
| #define PACKAGE_VERSION "0.3"
| #define PACKAGE_STRING "par2cmdline 0.3"
| #define PACKAGE_BUGREPORT "peterbclements@users.sourceforge.net"
| #define PACKAGE "par2cmdline"
| #define VERSION "0.3"
| #ifdef __cplusplus
| #include <stdlib.h>
| #endif
| #define HAVE_DIRENT_H 1
| /* end confdefs.h.  */
| #include <ac_nonexistent.h>
configure:3665: result: gcc -E
configure:3690: gcc -E  conftest.c
configure:3695: undefined type, found `Syntax'
configure:3695: illegal external declaration, missing `;' after `error'
cpp-precomp: warning: errors during smart preprocessing, retrying in basic mode
configure:3696: $? = 0
configure:3728: gcc -E  conftest.c
configure:3733: header file 'ac_nonexistent.h' not found
cpp-precomp: warning: errors during smart preprocessing, retrying in basic mode
configure:3734: $? = 1
configure: failed program was:
| #line 3719 "configure"
| /* confdefs.h.  */
| 
| #define PACKAGE_NAME "par2cmdline"
| #define PACKAGE_TARNAME "par2cmdline"
| #define PACKAGE_VERSION "0.3"
| #define PACKAGE_STRING "par2cmdline 0.3"
| #define PACKAGE_BUGREPORT "peterbclements@users.sourceforge.net"
| #define PACKAGE "par2cmdline"
| #define VERSION "0.3"
| #ifdef __cplusplus
| #include <stdlib.h>
| #endif
| #define HAVE_DIRENT_H 1
| /* end confdefs.h.  */
| #include <ac_nonexistent.h>
configure:3777: checking for egrep
configure:3787: result: grep -E
configure:3792: checking for ANSI C header files
configure:3818: gcc -c -mtune=750 -mcpu=750 -mno-altivec  conftest.c >&5
configure:3821: $? = 0
configure:3824: test -s conftest.o
configure:3827: $? = 0
configure:3916: gcc -o conftest -mtune=750 -mcpu=750 -mno-altivec   conftest.c  >&5
configure:3919: $? = 0
configure:3921: ./conftest
configure:3924: $? = 0
configure:3939: result: yes
configure:3963: checking for sys/types.h
configure:3980: gcc -c -mtune=750 -mcpu=750 -mno-altivec  conftest.c >&5
configure:3983: $? = 0
configure:3986: test -s conftest.o
configure:3989: $? = 0
configure:4000: result: yes
configure:3963: checking for sys/stat.h
configure:3980: gcc -c -mtune=750 -mcpu=750 -mno-altivec  conftest.c >&5
configure:3983: $? = 0
configure:3986: test -s conftest.o
configure:3989: $? = 0
configure:4000: result: yes
configure:3963: checking for stdlib.h
configure:3980: gcc -c -mtune=750 -mcpu=750 -mno-altivec  conftest.c >&5
configure:3983: $? = 0
configure:3986: test -s conftest.o
configure:3989: $? = 0
configure:4000: result: yes
configure:3963: checking for string.h
configure:3980: gcc -c -mtune=750 -mcpu=750 -mno-altivec  conftest.c >&5
configure:3983: $? = 0
configure:3986: test -s conftest.o
configure:3989: $? = 0
configure:4000: result: yes
configure:3963: checking for memory.h
configure:3980: gcc -c -mtune=750 -mcpu=750 -mno-altivec  conftest.c >&5
configure:3983: $? = 0
configure:3986: test -s conftest.o
configure:3989: $? = 0
configure:4000: result: yes
configure:3963: checking for strings.h
configure:3980: gcc -c -mtune=750 -mcpu=750 -mno-altivec  conftest.c >&5
configure:3983: $? = 0
configure:3986: test -s conftest.o
configure:3989: $? = 0
configure:4000: result: yes
configure:3963: checking for inttypes.h
configure:3980: gcc -c -mtune=750 -mcpu=750 -mno-altivec  conftest.c >&5
configure:3983: $? = 0
configure:3986: test -s conftest.o
configure:3989: $? = 0
configure:4000: result: yes
configure:3963: checking for stdint.h
configure:3980: gcc -c -mtune=750 -mcpu=750 -mno-altivec  conftest.c >&5
configure:3983: $? = 0
configure:3986: test -s conftest.o
configure:3989: $? = 0
configure:4000: result: yes
configure:3963: checking for unistd.h
configure:3980: gcc -c -mtune=750 -mcpu=750 -mno-altivec  conftest.c >&5
configure:3983: $? = 0
configure:3986: test -s conftest.o
configure:3989: $? = 0
configure:4000: result: yes
configure:4012: checking for stdbool.h that conforms to C99
configure:4066: gcc -c -mtune=750 -mcpu=750 -mno-altivec  conftest.c >&5
configure:4069: $? = 0
configure:4072: test -s conftest.o
configure:4075: $? = 0
configure:4086: result: yes
configure:4088: checking for _Bool
configure:4113: gcc -c -mtune=750 -mcpu=750 -mno-altivec  conftest.c >&5
configure:4116: $? = 0
configure:4119: test -s conftest.o
configure:4122: $? = 0
configure:4133: result: yes
configure:4152: checking for ANSI C header files
configure:4299: result: yes
configure:4324: checking stdio.h usability
configure:4337: gcc -c -mtune=750 -mcpu=750 -mno-altivec  conftest.c >&5
configure:4340: $? = 0
configure:4343: test -s conftest.o
configure:4346: $? = 0
configure:4356: result: yes
configure:4360: checking stdio.h presence
configure:4371: gcc -E  conftest.c
configure:4377: $? = 0
configure:4396: result: yes
configure:4432: checking for stdio.h
configure:4439: result: yes
configure:4324: checking endian.h usability
configure:4337: gcc -c -mtune=750 -mcpu=750 -mno-altivec  conftest.c >&5
configure:4388: header file 'endian.h' not found
cpp-precomp: warning: errors during smart preprocessing, retrying in basic mode
configure:4340: $? = 1
configure: failed program was:
| #line 4326 "configure"
| /* confdefs.h.  */
| 
| #define PACKAGE_NAME "par2cmdline"
| #define PACKAGE_TARNAME "par2cmdline"
| #define PACKAGE_VERSION "0.3"
| #define PACKAGE_STRING "par2cmdline 0.3"
| #define PACKAGE_BUGREPORT "peterbclements@users.sourceforge.net"
| #define PACKAGE "par2cmdline"
| #define VERSION "0.3"
| #ifdef __cplusplus
| #include <stdlib.h>
| #endif
| #define HAVE_DIRENT_H 1
| #define STDC_HEADERS 1
| #define HAVE_SYS_TYPES_H 1
| #define HAVE_SYS_STAT_H 1
| #define HAVE_STDLIB_H 1
| #define HAVE_STRING_H 1
| #define HAVE_MEMORY_H 1
| #define HAVE_STRINGS_H 1
| #define HAVE_INTTYPES_H 1
| #define HAVE_STDINT_H 1
| #define HAVE_UNISTD_H 1
| #define HAVE__BOOL 1
| #define HAVE_STDBOOL_H 1
| #define STDC_HEADERS 1
| #define HAVE_STDIO_H 1
| /* end confdefs.h.  */
| #include <stdio.h>
| #if HAVE_SYS_TYPES_H
| # include <sys/types.h>
| #endif
| #if HAVE_SYS_STAT_H
| # include <sys/stat.h>
| #endif
| #if STDC_HEADERS
| # include <stdlib.h>
| # include <stddef.h>
| #else
| # if HAVE_STDLIB_H
| #  include <stdlib.h>
| # endif
| #endif
| #if HAVE_STRING_H
| # if !STDC_HEADERS && HAVE_MEMORY_H
| #  include <memory.h>
| # endif
| # include <string.h>
| #endif
| #if HAVE_STRINGS_H
| # include <strings.h>
| #endif
| #if HAVE_INTTYPES_H
| # include <inttypes.h>
| #else
| # if HAVE_STDINT_H
| #  include <stdint.h>
| # endif
| #endif
| #if HAVE_UNISTD_H
| # include <unistd.h>
| #endif
| #include <endian.h>
configure:4356: result: no
configure:4360: checking endian.h presence
configure:4371: gcc -E  conftest.c
configure:4390: header file 'endian.h' not found
cpp-precomp: warning: errors during smart preprocessing, retrying in basic mode
configure:4377: $? = 1
configure: failed program was:
| #line 4362 "configure"
| /* confdefs.h.  */
| 
| #define PACKAGE_NAME "par2cmdline"
| #define PACKAGE_TARNAME "par2cmdline"
| #define PACKAGE_VERSION "0.3"
| #define PACKAGE_STRING "par2cmdline 0.3"
| #define PACKAGE_BUGREPORT "peterbclements@users.sourceforge.net"
| #define PACKAGE "par2cmdline"
| #define VERSION "0.3"
| #ifdef __cplusplus
| #include <stdlib.h>
| #endif
| #define HAVE_DIRENT_H 1
| #define STDC_HEADERS 1
| #define HAVE_SYS_TYPES_H 1
| #define HAVE_SYS_STAT_H 1
| #define HAVE_STDLIB_H 1
| #define HAVE_STRING_H 1
| #define HAVE_MEMORY_H 1
| #define HAVE_STRINGS_H 1
| #define HAVE_INTTYPES_H 1
| #define HAVE_STDINT_H 1
| #define HAVE_UNISTD_H 1
| #define HAVE__BOOL 1
| #define HAVE_STDBOOL_H 1
| #define STDC_HEADERS 1
| #define HAVE_STDIO_H 1
| /* end confdefs.h.  */
| #include <endian.h>
configure:4396: result: no
configure:4432: checking for endian.h
configure:4439: result: no
configure:4453: checking for size_t
configure:4478: gcc -c -mtune=750 -mcpu=750 -mno-altivec  conftest.c >&5
configure:4481: $? = 0
configure:4484: test -s conftest.o
configure:4487: $? = 0
configure:4498: result: yes
configure:4510: checking whether byte ordering is bigendian
configure:4538: gcc -c -mtune=750 -mcpu=750 -mno-altivec  conftest.c >&5
configure:4541: $? = 0
configure:4544: test -s conftest.o
configure:4547: $? = 0
configure:4572: gcc -c -mtune=750 -mcpu=750 -mno-altivec  conftest.c >&5
configure:4575: $? = 0
configure:4578: test -s conftest.o
configure:4581: $? = 0
configure:4695: result: yes
configure:4714: checking for an ANSI C-conforming const
configure:4782: gcc -c -mtune=750 -mcpu=750 -mno-altivec  conftest.c >&5
configure:4785: $? = 0
configure:4788: test -s conftest.o
configure:4791: $? = 0
configure:4802: result: yes
configure:4812: checking for inline
configure:4834: gcc -c -mtune=750 -mcpu=750 -mno-altivec  conftest.c >&5
configure:4837: $? = 0
configure:4840: test -s conftest.o
configure:4843: $? = 0
configure:4855: result: inline
configure:4872: checking for working memcmp
configure:4921: gcc -o conftest -mtune=750 -mcpu=750 -mno-altivec   conftest.c  >&5
configure:4924: $? = 0
configure:4926: ./conftest
configure:4929: $? = 0
configure:4943: result: yes
configure:4952: checking for stricmp
configure:5002: gcc -o conftest -mtune=750 -mcpu=750 -mno-altivec   conftest.c  >&5
ld: Undefined symbols:
_stricmp
configure:5005: $? = 1
configure: failed program was:
| #line 4957 "configure"
| /* confdefs.h.  */
| 
| #define PACKAGE_NAME "par2cmdline"
| #define PACKAGE_TARNAME "par2cmdline"
| #define PACKAGE_VERSION "0.3"
| #define PACKAGE_STRING "par2cmdline 0.3"
| #define PACKAGE_BUGREPORT "peterbclements@users.sourceforge.net"
| #define PACKAGE "par2cmdline"
| #define VERSION "0.3"
| #ifdef __cplusplus
| #include <stdlib.h>
| #endif
| #define HAVE_DIRENT_H 1
| #define STDC_HEADERS 1
| #define HAVE_SYS_TYPES_H 1
| #define HAVE_SYS_STAT_H 1
| #define HAVE_STDLIB_H 1
| #define HAVE_STRING_H 1
| #define HAVE_MEMORY_H 1
| #define HAVE_STRINGS_H 1
| #define HAVE_INTTYPES_H 1
| #define HAVE_STDINT_H 1
| #define HAVE_UNISTD_H 1
| #define HAVE__BOOL 1
| #define HAVE_STDBOOL_H 1
| #define STDC_HEADERS 1
| #define HAVE_STDIO_H 1
| #define WORDS_BIGENDIAN 1
| /* end confdefs.h.  */
| /* System header to define __stub macros and hopefully few prototypes,
|     which can conflict with char stricmp (); below.
|     Prefer <limits.h> to <assert.h> if __STDC__ is defined, since
|     <limits.h> exists even on freestanding compilers.  */
| #ifdef __STDC__
| # include <limits.h>
| #else
| # include <assert.h>
| #endif
| /* Override any gcc2 internal prototype to avoid an error.  */
| #ifdef __cplusplus
| extern "C"
| {
| #endif
| /* We use char because int might match the return type of a gcc2
|    builtin and then its argument prototype would still apply.  */
| char stricmp ();
| /* The GNU C library defines this for functions which it implements
|     to always fail with ENOSYS.  Some functions are actually named
|     something starting with __ and the normal name is an alias.  */
| #if defined (__stub_stricmp) || defined (__stub___stricmp)
| choke me
| #else
| char (*f) () = stricmp;
| #endif
| #ifdef __cplusplus
| }
| #endif
| 
| int
| main ()
| {
| return f != stricmp;
|   ;
|   return 0;
| }
configure:5022: result: no
configure:4952: checking for strcasecmp
configure:5002: gcc -o conftest -mtune=750 -mcpu=750 -mno-altivec   conftest.c  >&5
configure:5005: $? = 0
configure:5008: test -s conftest
configure:5011: $? = 0
configure:5022: result: yes
configure:5037: checking for strchr
configure:5087: gcc -o conftest -mtune=750 -mcpu=750 -mno-altivec   conftest.c  >&5
configure:5088: warning: conflicting types for built-in function `strchr'
configure:5090: $? = 0
configure:5093: test -s conftest
configure:5096: $? = 0
configure:5107: result: yes
configure:5037: checking for memcpy
configure:5087: gcc -o conftest -mtune=750 -mcpu=750 -mno-altivec   conftest.c  >&5
configure:5089: warning: conflicting types for built-in function `memcpy'
configure:5090: $? = 0
configure:5093: test -s conftest
configure:5096: $? = 0
configure:5107: result: yes
configure:5238: creating ./config.status

## ---------------------- ##
## Running config.status. ##
## ---------------------- ##

This file was extended by par2cmdline config.status 0.3, which was
generated by GNU Autoconf 2.57.  Invocation command line was

  CONFIG_FILES    = 
  CONFIG_HEADERS  = 
  CONFIG_LINKS    = 
  CONFIG_COMMANDS = 
  $ ./config.status 

on iMac.local.

config.status:667: creating stamp-h
config.status:667: creating Makefile
config.status:775: creating config.h
config.status:898: config.h is unchanged
config.status:1020: executing depfiles commands

## ---------------- ##
## Cache variables. ##
## ---------------- ##

ac_cv_build=powerpc-apple-darwin6.8
ac_cv_build_alias=powerpc-apple-darwin6.8
ac_cv_c_bigendian=yes
ac_cv_c_compiler_gnu=yes
ac_cv_c_const=yes
ac_cv_c_inline=inline
ac_cv_cxx_compiler_gnu=yes
ac_cv_env_CC_set=
ac_cv_env_CC_value=
ac_cv_env_CFLAGS_set=set
ac_cv_env_CFLAGS_value='-mtune=750 -mcpu=750 -mno-altivec'
ac_cv_env_CPPFLAGS_set=
ac_cv_env_CPPFLAGS_value=
ac_cv_env_CPP_set=
ac_cv_env_CPP_value=
ac_cv_env_CXXFLAGS_set=
ac_cv_env_CXXFLAGS_value=
ac_cv_env_CXX_set=
ac_cv_env_CXX_value=
ac_cv_env_LDFLAGS_set=
ac_cv_env_LDFLAGS_value=
ac_cv_env_build_alias_set=
ac_cv_env_build_alias_value=
ac_cv_env_host_alias_set=
ac_cv_env_host_alias_value=
ac_cv_env_target_alias_set=
ac_cv_env_target_alias_value=
ac_cv_exeext=
ac_cv_func_memcmp_working=yes
ac_cv_func_memcpy=yes
ac_cv_func_strcasecmp=yes
ac_cv_func_strchr=yes
ac_cv_func_stricmp=no
ac_cv_header_dirent_dirent_h=yes
ac_cv_header_endian_h=no
ac_cv_header_inttypes_h=yes
ac_cv_header_memory_h=yes
ac_cv_header_stdbool_h=yes
ac_cv_header_stdc=yes
ac_cv_header_stdint_h=yes
ac_cv_header_stdio_h=yes
ac_cv_header_stdlib_h=yes
ac_cv_header_string_h=yes
ac_cv_header_strings_h=yes
ac_cv_header_sys_stat_h=yes
ac_cv_header_sys_types_h=yes
ac_cv_header_unistd_h=yes
ac_cv_host=powerpc-apple-darwin6.8
ac_cv_host_alias=powerpc-apple-darwin6.8
ac_cv_objext=o
ac_cv_path_install='/sw/bin/install -c'
ac_cv_prog_AWK=gawk
ac_cv_prog_CPP='gcc -E'
ac_cv_prog_ac_ct_CC=gcc
ac_cv_prog_ac_ct_CXX=g++
ac_cv_prog_cc_g=yes
ac_cv_prog_cc_stdc=
ac_cv_prog_cxx_g=yes
ac_cv_prog_egrep='grep -E'
ac_cv_prog_make_make_set=yes
ac_cv_search_opendir='none required'
ac_cv_type__Bool=yes
ac_cv_type_size_t=yes
am_cv_CC_dependencies_compiler_type=gcc
am_cv_CXX_dependencies_compiler_type=gcc3

## ----------------- ##
## Output variables. ##
## ----------------- ##

ACLOCAL='${SHELL} /Users/bishop/development/UnrarX/apps/par2cmdline-0.3a/missing --run aclocal-1.7'
AMDEPBACKSLASH='\'
AMDEP_FALSE='#'
AMDEP_TRUE=''
AMTAR='${SHELL} /Users/bishop/development/UnrarX/apps/par2cmdline-0.3a/missing --run tar'
AUTOCONF='${SHELL} /Users/bishop/development/UnrarX/apps/par2cmdline-0.3a/missing --run autoconf'
AUTOHEADER='${SHELL} /Users/bishop/development/UnrarX/apps/par2cmdline-0.3a/missing --run autoheader'
AUTOMAKE='${SHELL} /Users/bishop/development/UnrarX/apps/par2cmdline-0.3a/missing --run automake-1.7'
AWK='gawk'
CC='gcc'
CCDEPMODE='depmode=gcc'
CFLAGS='-mtune=750 -mcpu=750 -mno-altivec'
CPP='gcc -E'
CPPFLAGS=''
CXX='g++'
CXXDEPMODE='depmode=gcc3'
CXXFLAGS='-g -O2'
CYGPATH_W='echo'
DEFS='-DHAVE_CONFIG_H'
DEPDIR='.deps'
ECHO_C=''
ECHO_N='-n'
ECHO_T=''
EGREP='grep -E'
EXEEXT=''
INSTALL_DATA='${INSTALL} -m 644'
INSTALL_PROGRAM='${INSTALL}'
INSTALL_SCRIPT='${INSTALL}'
INSTALL_STRIP_PROGRAM='${SHELL} $(install_sh) -c -s'
LDFLAGS=''
LIBOBJS=''
LIBS=''
LTLIBOBJS=''
MAKEINFO='${SHELL} /Users/bishop/development/UnrarX/apps/par2cmdline-0.3a/missing --run makeinfo'
OBJEXT='o'
PACKAGE='par2cmdline'
PACKAGE_BUGREPORT='peterbclements@users.sourceforge.net'
PACKAGE_NAME='par2cmdline'
PACKAGE_STRING='par2cmdline 0.3'
PACKAGE_TARNAME='par2cmdline'
PACKAGE_VERSION='0.3'
PATH_SEPARATOR=':'
SET_MAKE=''
SHELL='/bin/sh'
STRIP=''
VERSION='0.3'
ac_ct_CC='gcc'
ac_ct_CXX='g++'
ac_ct_STRIP=''
am__fastdepCC_FALSE=''
am__fastdepCC_TRUE='#'
am__fastdepCXX_FALSE='#'
am__fastdepCXX_TRUE=''
am__include='include'
am__leading_dot='.'
am__quote=''
bindir='${exec_prefix}/bin'
build='powerpc-apple-darwin6.8'
build_alias=''
build_cpu='powerpc'
build_os='darwin6.8'
build_vendor='apple'
datadir='${prefix}/share'
exec_prefix='${prefix}'
host='powerpc-apple-darwin6.8'
host_alias=''
host_cpu='powerpc'
host_os='darwin6.8'
host_vendor='apple'
includedir='${prefix}/include'
infodir='${prefix}/info'
install_sh='/Users/bishop/development/UnrarX/apps/par2cmdline-0.3a/install-sh'
libdir='${exec_prefix}/lib'
libexecdir='${exec_prefix}/libexec'
localstatedir='${prefix}/var'
mandir='${prefix}/man'
oldincludedir='/usr/include'
prefix='/usr/local'
program_transform_name='s,x,x,'
sbindir='${exec_prefix}/sbin'
sharedstatedir='${prefix}/com'
sysconfdir='${prefix}/etc'
target_alias=''

## ----------- ##
## confdefs.h. ##
## ----------- ##

#define HAVE_DIRENT_H 1
#define HAVE_INTTYPES_H 1
#define HAVE_MEMCPY 1
#define HAVE_MEMORY_H 1
#define HAVE_STDBOOL_H 1
#define HAVE_STDINT_H 1
#define HAVE_STDIO_H 1
#define HAVE_STDLIB_H 1
#define HAVE_STRCASECMP 1
#define HAVE_STRCHR 1
#define HAVE_STRINGS_H 1
#define HAVE_STRING_H 1
#define HAVE_SYS_STAT_H 1
#define HAVE_SYS_TYPES_H 1
#define HAVE_UNISTD_H 1
#define HAVE__BOOL 1
#define PACKAGE "par2cmdline"
#define PACKAGE_BUGREPORT "peterbclements@users.sourceforge.net"
#define PACKAGE_NAME "par2cmdline"
#define PACKAGE_STRING "par2cmdline 0.3"
#define PACKAGE_TARNAME "par2cmdline"
#define PACKAGE_VERSION "0.3"
#define STDC_HEADERS 1
#define STDC_HEADERS 1
#define VERSION "0.3"
#define WORDS_BIGENDIAN 1
#endif
#ifdef __cplusplus
#include <stdlib.h>

configure: exit 0
